{
  service: 'speckit-mvp',
  version: '1.0.0',
  error: '项目名称、类型和源路径为必填项',
  stack: 'ValidationError: 项目名称、类型和源路径为必填项\n' +
    '    at ProjectController.createProject (/Users/lizhe/SEO/workspace/TinyCodeBase/speckit-mvp/backend/src/controllers/projects.js:118:23)\n' +
    '    at Layer.handle [as handle_request] (/Users/lizhe/SEO/workspace/TinyCodeBase/speckit-mvp/backend/node_modules/express/lib/router/layer.js:95:5)\n' +
    '    at next (/Users/lizhe/SEO/workspace/TinyCodeBase/speckit-mvp/backend/node_modules/express/lib/router/route.js:149:13)\n' +
    '    at Route.dispatch (/Users/lizhe/SEO/workspace/TinyCodeBase/speckit-mvp/backend/node_modules/express/lib/router/route.js:119:3)\n' +
    '    at Layer.handle [as handle_request] (/Users/lizhe/SEO/workspace/TinyCodeBase/speckit-mvp/backend/node_modules/express/lib/router/layer.js:95:5)\n' +
    '    at /Users/lizhe/SEO/workspace/TinyCodeBase/speckit-mvp/backend/node_modules/express/lib/router/index.js:284:15\n' +
    '    at Function.process_params (/Users/lizhe/SEO/workspace/TinyCodeBase/speckit-mvp/backend/node_modules/express/lib/router/index.js:346:12)\n' +
    '    at next (/Users/lizhe/SEO/workspace/TinyCodeBase/speckit-mvp/backend/node_modules/express/lib/router/index.js:280:10)\n' +
    '    at Function.handle (/Users/lizhe/SEO/workspace/TinyCodeBase/speckit-mvp/backend/node_modules/express/lib/router/index.js:175:3)\n' +
    '    at router (/Users/lizhe/SEO/workspace/TinyCodeBase/speckit-mvp/backend/node_modules/express/lib/router/index.js:47:12)',
  level: 'error',
  message: '创建项目失败',
  timestamp: '2025-10-16 21:56:00'
}
{
  service: 'speckit-mvp',
  version: '1.0.0',
  error: '无效的Git仓库URL格式',
  stack: 'ValidationError: 无效的Git仓库URL格式\n' +
    '    at ProjectController._validateGitUrl (/Users/lizhe/SEO/workspace/TinyCodeBase/speckit-mvp/backend/src/controllers/projects.js:372:19)\n' +
    '    at ProjectController.createProject (/Users/lizhe/SEO/workspace/TinyCodeBase/speckit-mvp/backend/src/controllers/projects.js:132:22)\n' +
    '    at Layer.handle [as handle_request] (/Users/lizhe/SEO/workspace/TinyCodeBase/speckit-mvp/backend/node_modules/express/lib/router/layer.js:95:5)\n' +
    '    at next (/Users/lizhe/SEO/workspace/TinyCodeBase/speckit-mvp/backend/node_modules/express/lib/router/route.js:149:13)\n' +
    '    at Route.dispatch (/Users/lizhe/SEO/workspace/TinyCodeBase/speckit-mvp/backend/node_modules/express/lib/router/route.js:119:3)\n' +
    '    at Layer.handle [as handle_request] (/Users/lizhe/SEO/workspace/TinyCodeBase/speckit-mvp/backend/node_modules/express/lib/router/layer.js:95:5)\n' +
    '    at /Users/lizhe/SEO/workspace/TinyCodeBase/speckit-mvp/backend/node_modules/express/lib/router/index.js:284:15\n' +
    '    at Function.process_params (/Users/lizhe/SEO/workspace/TinyCodeBase/speckit-mvp/backend/node_modules/express/lib/router/index.js:346:12)\n' +
    '    at next (/Users/lizhe/SEO/workspace/TinyCodeBase/speckit-mvp/backend/node_modules/express/lib/router/index.js:280:10)\n' +
    '    at Function.handle (/Users/lizhe/SEO/workspace/TinyCodeBase/speckit-mvp/backend/node_modules/express/lib/router/index.js:175:3)',
  level: 'error',
  message: '创建项目失败',
  timestamp: '2025-10-16 21:56:06'
}
{
  service: 'speckit-mvp',
  version: '1.0.0',
  projectId: 999,
  error: '项目不存在',
  level: 'error',
  message: '查找项目失败',
  timestamp: '2025-10-16 21:56:36'
}
{
  service: 'speckit-mvp',
  version: '1.0.0',
  error: '项目不存在',
  stack: 'NotFoundError: 项目不存在\n' +
    '    at Project.findById (/Users/lizhe/SEO/workspace/TinyCodeBase/speckit-mvp/backend/src/models/Project.js:78:23)\n' +
    '    at async ProjectController.getProject (/Users/lizhe/SEO/workspace/TinyCodeBase/speckit-mvp/backend/src/controllers/projects.js:84:29)',
  level: 'error',
  message: '获取项目详情失败',
  timestamp: '2025-10-16 21:56:36'
}
{
  service: 'speckit-mvp',
  version: '1.0.0',
  error: '无效的项目ID',
  stack: 'ValidationError: 无效的项目ID\n' +
    '    at ProjectController.getProject (/Users/lizhe/SEO/workspace/TinyCodeBase/speckit-mvp/backend/src/controllers/projects.js:81:23)\n' +
    '    at Layer.handle [as handle_request] (/Users/lizhe/SEO/workspace/TinyCodeBase/speckit-mvp/backend/node_modules/express/lib/router/layer.js:95:5)\n' +
    '    at next (/Users/lizhe/SEO/workspace/TinyCodeBase/speckit-mvp/backend/node_modules/express/lib/router/route.js:149:13)\n' +
    '    at Route.dispatch (/Users/lizhe/SEO/workspace/TinyCodeBase/speckit-mvp/backend/node_modules/express/lib/router/route.js:119:3)\n' +
    '    at Layer.handle [as handle_request] (/Users/lizhe/SEO/workspace/TinyCodeBase/speckit-mvp/backend/node_modules/express/lib/router/layer.js:95:5)\n' +
    '    at /Users/lizhe/SEO/workspace/TinyCodeBase/speckit-mvp/backend/node_modules/express/lib/router/index.js:284:15\n' +
    '    at param (/Users/lizhe/SEO/workspace/TinyCodeBase/speckit-mvp/backend/node_modules/express/lib/router/index.js:365:14)\n' +
    '    at param (/Users/lizhe/SEO/workspace/TinyCodeBase/speckit-mvp/backend/node_modules/express/lib/router/index.js:376:14)\n' +
    '    at Function.process_params (/Users/lizhe/SEO/workspace/TinyCodeBase/speckit-mvp/backend/node_modules/express/lib/router/index.js:421:3)\n' +
    '    at next (/Users/lizhe/SEO/workspace/TinyCodeBase/speckit-mvp/backend/node_modules/express/lib/router/index.js:280:10)',
  level: 'error',
  message: '获取项目详情失败',
  timestamp: '2025-10-16 21:56:37'
}
{
  service: 'speckit-mvp',
  version: '1.0.0',
  error: '项目名称、类型和源路径为必填项',
  stack: 'ValidationError: 项目名称、类型和源路径为必填项\n' +
    '    at ProjectController.createProject (/Users/lizhe/SEO/workspace/TinyCodeBase/speckit-mvp/backend/src/controllers/projects.js:118:23)\n' +
    '    at Layer.handle [as handle_request] (/Users/lizhe/SEO/workspace/TinyCodeBase/speckit-mvp/backend/node_modules/express/lib/router/layer.js:95:5)\n' +
    '    at next (/Users/lizhe/SEO/workspace/TinyCodeBase/speckit-mvp/backend/node_modules/express/lib/router/route.js:149:13)\n' +
    '    at Route.dispatch (/Users/lizhe/SEO/workspace/TinyCodeBase/speckit-mvp/backend/node_modules/express/lib/router/route.js:119:3)\n' +
    '    at Layer.handle [as handle_request] (/Users/lizhe/SEO/workspace/TinyCodeBase/speckit-mvp/backend/node_modules/express/lib/router/layer.js:95:5)\n' +
    '    at /Users/lizhe/SEO/workspace/TinyCodeBase/speckit-mvp/backend/node_modules/express/lib/router/index.js:284:15\n' +
    '    at Function.process_params (/Users/lizhe/SEO/workspace/TinyCodeBase/speckit-mvp/backend/node_modules/express/lib/router/index.js:346:12)\n' +
    '    at next (/Users/lizhe/SEO/workspace/TinyCodeBase/speckit-mvp/backend/node_modules/express/lib/router/index.js:280:10)\n' +
    '    at Function.handle (/Users/lizhe/SEO/workspace/TinyCodeBase/speckit-mvp/backend/node_modules/express/lib/router/index.js:175:3)\n' +
    '    at router (/Users/lizhe/SEO/workspace/TinyCodeBase/speckit-mvp/backend/node_modules/express/lib/router/index.js:47:12)',
  level: 'error',
  message: '创建项目失败',
  timestamp: '2025-10-16 22:03:07'
}
{
  service: 'speckit-mvp',
  version: '1.0.0',
  error: '项目名称、类型和源路径为必填项',
  stack: 'ValidationError: 项目名称、类型和源路径为必填项\n' +
    '    at ProjectController.createProject (/Users/lizhe/SEO/workspace/TinyCodeBase/speckit-mvp/backend/src/controllers/projects.js:118:23)\n' +
    '    at Layer.handle [as handle_request] (/Users/lizhe/SEO/workspace/TinyCodeBase/speckit-mvp/backend/node_modules/express/lib/router/layer.js:95:5)\n' +
    '    at next (/Users/lizhe/SEO/workspace/TinyCodeBase/speckit-mvp/backend/node_modules/express/lib/router/route.js:149:13)\n' +
    '    at Route.dispatch (/Users/lizhe/SEO/workspace/TinyCodeBase/speckit-mvp/backend/node_modules/express/lib/router/route.js:119:3)\n' +
    '    at Layer.handle [as handle_request] (/Users/lizhe/SEO/workspace/TinyCodeBase/speckit-mvp/backend/node_modules/express/lib/router/layer.js:95:5)\n' +
    '    at /Users/lizhe/SEO/workspace/TinyCodeBase/speckit-mvp/backend/node_modules/express/lib/router/index.js:284:15\n' +
    '    at Function.process_params (/Users/lizhe/SEO/workspace/TinyCodeBase/speckit-mvp/backend/node_modules/express/lib/router/index.js:346:12)\n' +
    '    at next (/Users/lizhe/SEO/workspace/TinyCodeBase/speckit-mvp/backend/node_modules/express/lib/router/index.js:280:10)\n' +
    '    at Function.handle (/Users/lizhe/SEO/workspace/TinyCodeBase/speckit-mvp/backend/node_modules/express/lib/router/index.js:175:3)\n' +
    '    at router (/Users/lizhe/SEO/workspace/TinyCodeBase/speckit-mvp/backend/node_modules/express/lib/router/index.js:47:12)',
  level: 'error',
  message: '创建项目失败',
  timestamp: '2025-10-16 22:03:34'
}
{
  service: 'speckit-mvp',
  version: '1.0.0',
  error: '项目类型必须是 git 或 local',
  stack: 'ValidationError: 项目类型必须是 git 或 local\n' +
    '    at ProjectController.createProject (/Users/lizhe/SEO/workspace/TinyCodeBase/speckit-mvp/backend/src/controllers/projects.js:122:23)\n' +
    '    at Layer.handle [as handle_request] (/Users/lizhe/SEO/workspace/TinyCodeBase/speckit-mvp/backend/node_modules/express/lib/router/layer.js:95:5)\n' +
    '    at next (/Users/lizhe/SEO/workspace/TinyCodeBase/speckit-mvp/backend/node_modules/express/lib/router/route.js:149:13)\n' +
    '    at Route.dispatch (/Users/lizhe/SEO/workspace/TinyCodeBase/speckit-mvp/backend/node_modules/express/lib/router/route.js:119:3)\n' +
    '    at Layer.handle [as handle_request] (/Users/lizhe/SEO/workspace/TinyCodeBase/speckit-mvp/backend/node_modules/express/lib/router/layer.js:95:5)\n' +
    '    at /Users/lizhe/SEO/workspace/TinyCodeBase/speckit-mvp/backend/node_modules/express/lib/router/index.js:284:15\n' +
    '    at Function.process_params (/Users/lizhe/SEO/workspace/TinyCodeBase/speckit-mvp/backend/node_modules/express/lib/router/index.js:346:12)\n' +
    '    at next (/Users/lizhe/SEO/workspace/TinyCodeBase/speckit-mvp/backend/node_modules/express/lib/router/index.js:280:10)\n' +
    '    at Function.handle (/Users/lizhe/SEO/workspace/TinyCodeBase/speckit-mvp/backend/node_modules/express/lib/router/index.js:175:3)\n' +
    '    at router (/Users/lizhe/SEO/workspace/TinyCodeBase/speckit-mvp/backend/node_modules/express/lib/router/index.js:47:12)',
  level: 'error',
  message: '创建项目失败',
  timestamp: '2025-10-16 22:04:09'
}
{
  service: 'speckit-mvp',
  version: '1.0.0',
  error: '项目名称已存在',
  data: {
    name: '测试项目',
    description: '测试导入项目',
    type: 'git',
    source_path: 'https://github.com/octocat/Hello-World.git',
    branch: 'main',
    config: {}
  },
  level: 'error',
  message: '创建项目失败',
  timestamp: '2025-10-16 22:16:59'
}
{
  service: 'speckit-mvp',
  version: '1.0.0',
  error: '项目名称已存在',
  stack: 'ConflictError: 项目名称已存在\n' +
    '    at Project.create (/Users/lizhe/SEO/workspace/TinyCodeBase/speckit-mvp/backend/src/models/Project.js:46:23)\n' +
    '    at async ProjectController.createProject (/Users/lizhe/SEO/workspace/TinyCodeBase/speckit-mvp/backend/src/controllers/projects.js:147:29)',
  level: 'error',
  message: '创建项目失败',
  timestamp: '2025-10-16 22:16:59'
}
{
  service: 'speckit-mvp',
  version: '1.0.0',
  error: '无效的Git仓库URL格式',
  stack: 'ValidationError: 无效的Git仓库URL格式\n' +
    '    at ProjectController._validateGitUrl (/Users/lizhe/SEO/workspace/TinyCodeBase/speckit-mvp/backend/src/controllers/projects.js:372:19)\n' +
    '    at ProjectController.createProject (/Users/lizhe/SEO/workspace/TinyCodeBase/speckit-mvp/backend/src/controllers/projects.js:132:22)\n' +
    '    at Layer.handle [as handle_request] (/Users/lizhe/SEO/workspace/TinyCodeBase/speckit-mvp/backend/node_modules/express/lib/router/layer.js:95:5)\n' +
    '    at next (/Users/lizhe/SEO/workspace/TinyCodeBase/speckit-mvp/backend/node_modules/express/lib/router/route.js:149:13)\n' +
    '    at Route.dispatch (/Users/lizhe/SEO/workspace/TinyCodeBase/speckit-mvp/backend/node_modules/express/lib/router/route.js:119:3)\n' +
    '    at Layer.handle [as handle_request] (/Users/lizhe/SEO/workspace/TinyCodeBase/speckit-mvp/backend/node_modules/express/lib/router/layer.js:95:5)\n' +
    '    at /Users/lizhe/SEO/workspace/TinyCodeBase/speckit-mvp/backend/node_modules/express/lib/router/index.js:284:15\n' +
    '    at Function.process_params (/Users/lizhe/SEO/workspace/TinyCodeBase/speckit-mvp/backend/node_modules/express/lib/router/index.js:346:12)\n' +
    '    at next (/Users/lizhe/SEO/workspace/TinyCodeBase/speckit-mvp/backend/node_modules/express/lib/router/index.js:280:10)\n' +
    '    at Function.handle (/Users/lizhe/SEO/workspace/TinyCodeBase/speckit-mvp/backend/node_modules/express/lib/router/index.js:175:3)',
  level: 'error',
  message: '创建项目失败',
  timestamp: '2025-10-16 22:17:43'
}
{
  service: 'speckit-mvp',
  version: '1.0.0',
  error: '项目名称、类型和源路径为必填项',
  stack: 'ValidationError: 项目名称、类型和源路径为必填项\n' +
    '    at ProjectController.createProject (/Users/lizhe/SEO/workspace/TinyCodeBase/speckit-mvp/backend/src/controllers/projects.js:118:23)\n' +
    '    at Layer.handle [as handle_request] (/Users/lizhe/SEO/workspace/TinyCodeBase/speckit-mvp/backend/node_modules/express/lib/router/layer.js:95:5)\n' +
    '    at next (/Users/lizhe/SEO/workspace/TinyCodeBase/speckit-mvp/backend/node_modules/express/lib/router/route.js:149:13)\n' +
    '    at Route.dispatch (/Users/lizhe/SEO/workspace/TinyCodeBase/speckit-mvp/backend/node_modules/express/lib/router/route.js:119:3)\n' +
    '    at Layer.handle [as handle_request] (/Users/lizhe/SEO/workspace/TinyCodeBase/speckit-mvp/backend/node_modules/express/lib/router/layer.js:95:5)\n' +
    '    at /Users/lizhe/SEO/workspace/TinyCodeBase/speckit-mvp/backend/node_modules/express/lib/router/index.js:284:15\n' +
    '    at Function.process_params (/Users/lizhe/SEO/workspace/TinyCodeBase/speckit-mvp/backend/node_modules/express/lib/router/index.js:346:12)\n' +
    '    at next (/Users/lizhe/SEO/workspace/TinyCodeBase/speckit-mvp/backend/node_modules/express/lib/router/index.js:280:10)\n' +
    '    at Function.handle (/Users/lizhe/SEO/workspace/TinyCodeBase/speckit-mvp/backend/node_modules/express/lib/router/index.js:175:3)\n' +
    '    at router (/Users/lizhe/SEO/workspace/TinyCodeBase/speckit-mvp/backend/node_modules/express/lib/router/index.js:47:12)',
  level: 'error',
  message: '创建项目失败',
  timestamp: '2025-10-16 22:17:43'
}
{
  service: 'speckit-mvp',
  version: '1.0.0',
  error: '项目名称、类型和源路径为必填项',
  stack: 'ValidationError: 项目名称、类型和源路径为必填项\n' +
    '    at ProjectController.createProject (/Users/lizhe/SEO/workspace/TinyCodeBase/speckit-mvp/backend/src/controllers/projects.js:118:23)\n' +
    '    at Layer.handle [as handle_request] (/Users/lizhe/SEO/workspace/TinyCodeBase/speckit-mvp/backend/node_modules/express/lib/router/layer.js:95:5)\n' +
    '    at next (/Users/lizhe/SEO/workspace/TinyCodeBase/speckit-mvp/backend/node_modules/express/lib/router/route.js:149:13)\n' +
    '    at Route.dispatch (/Users/lizhe/SEO/workspace/TinyCodeBase/speckit-mvp/backend/node_modules/express/lib/router/route.js:119:3)\n' +
    '    at Layer.handle [as handle_request] (/Users/lizhe/SEO/workspace/TinyCodeBase/speckit-mvp/backend/node_modules/express/lib/router/layer.js:95:5)\n' +
    '    at /Users/lizhe/SEO/workspace/TinyCodeBase/speckit-mvp/backend/node_modules/express/lib/router/index.js:284:15\n' +
    '    at Function.process_params (/Users/lizhe/SEO/workspace/TinyCodeBase/speckit-mvp/backend/node_modules/express/lib/router/index.js:346:12)\n' +
    '    at next (/Users/lizhe/SEO/workspace/TinyCodeBase/speckit-mvp/backend/node_modules/express/lib/router/index.js:280:10)\n' +
    '    at Function.handle (/Users/lizhe/SEO/workspace/TinyCodeBase/speckit-mvp/backend/node_modules/express/lib/router/index.js:175:3)\n' +
    '    at router (/Users/lizhe/SEO/workspace/TinyCodeBase/speckit-mvp/backend/node_modules/express/lib/router/index.js:47:12)',
  level: 'error',
  message: '创建项目失败',
  timestamp: '2025-10-16 22:23:11'
}
